<?xml version="1.0" encoding="UTF-8"?>
<!-- Generated by org.testng.reporters.JUnitReportReporter -->
<testsuite hostname="192.168.1.9" failures="0" tests="3" name="tests.HomePageTests" time="2.486" errors="0" timestamp="2024-04-27T01:03:37 IST" skipped="0">
  <testcase classname="tests.HomePageTests" name="firstArticleValue" time="0.034"/>
  <system-out/>
  <testcase classname="tests.HomePageTests" name="verifyPageTitle" time="0.006"/>
  <system-out/>
  <testcase classname="tests.HomePageTests" name="clickGetInvolved" time="2.446"/>
  <system-out/>
</testsuite> <!-- tests.HomePageTests -->
