<?xml version="1.0" encoding="UTF-8"?>
<!-- Generated by org.testng.reporters.JUnitReportReporter -->
<testsuite hostname="192.168.1.9" failures="0" tests="3" name="tests.HomePageTests" time="3.125" errors="0" timestamp="2024-04-27T09:01:22 IST" skipped="0">
  <testcase classname="tests.HomePageTests" name="firstArticleValue" time="0.034"/>
  <testcase classname="tests.HomePageTests" name="verifyPageTitle" time="0.005"/>
  <testcase classname="tests.HomePageTests" name="clickGetInvolved" time="3.086"/>
</testsuite> <!-- tests.HomePageTests -->
